app/build/outputs/logs/manifest-merger-debug-report.txt
-- Merging decision tree log ---
manifest
ADDED from src\main\AndroidManifest.xml:2:1-172:12
	package
		ADDED from src\main\AndroidManifest.xml:3:5-37
		INJECTED from src\main\AndroidManifest.xml
		INJECTED from src\main\AndroidManifest.xml
	android:versionName
		ADDED from src\main\AndroidManifest.xml:5:5-30
		INJECTED from src\main\AndroidManifest.xml
		INJECTED from src\main\AndroidManifest.xml
	android:versionCode
		ADDED from src\main\AndroidManifest.xml:4:5-28
		INJECTED from src\main\AndroidManifest.xml
		INJECTED from src\main\AndroidManifest.xml
	xmlns:android
		ADDED from src\main\AndroidManifest.xml:2:11-69
uses-sdk
ADDED from src\main\AndroidManifest.xml:9:5-11:41
	android:targetSdkVersion
		ADDED from src\main\AndroidManifest.xml:11:9-38
		INJECTED from src\main\AndroidManifest.xml
		INJECTED from src\main\AndroidManifest.xml
	android:minSdkVersion
		ADDED from src\main\AndroidManifest.xml:10:9-35
		INJECTED from src\main\AndroidManifest.xml
		INJECTED from src\main\AndroidManifest.xml
uses-permission#android.permission.GET_PACKAGE_SIZE
ADDED from src\main\AndroidManifest.xml:13:5-75
	android:name
		ADDED from src\main\AndroidManifest.xml:13:22-72
uses-permission#android.permission.INTERNET
ADDED from src\main\AndroidManifest.xml:14:5-67
	android:name
		ADDED from src\main\AndroidManifest.xml:14:22-64
uses-permission#android.permission.WRITE_EXTERNAL_STORAGE
ADDED from src\main\AndroidManifest.xml:15:5-81
	android:name
		ADDED from src\main\AndroidManifest.xml:15:22-78
uses-permission#android.permission.READ_PHONE_STATE
ADDED from src\main\AndroidManifest.xml:16:5-75
	android:name
		ADDED from src\main\AndroidManifest.xml:16:22-72
uses-permission#android.permission.READ_CONTACTS
ADDED from src\main\AndroidManifest.xml:17:5-72
	android:name
		ADDED from src\main\AndroidManifest.xml:17:22-69
uses-permission#android.permission.RECEIVE_BOOT_COMPLETED
ADDED from src\main\AndroidManifest.xml:18:5-81
	android:name
		ADDED from src\main\AndroidManifest.xml:18:22-78
uses-permission#android.permission.SEND_SMS
ADDED from src\main\AndroidManifest.xml:19:5-67
	android:name
		ADDED from src\main\AndroidManifest.xml:19:22-64
uses-permission#android.permission.RECEIVE_SMS
ADDED from src\main\AndroidManifest.xml:20:5-70
	android:name
		ADDED from src\main\AndroidManifest.xml:20:22-67
uses-permission#android.permission.ACCESS_FINE_LOCATION
ADDED from src\main\AndroidManifest.xml:21:5-79
	android:name
		ADDED from src\main\AndroidManifest.xml:21:22-76
uses-permission#android.permission.ACCESS_COARSE_LOCATION
ADDED from src\main\AndroidManifest.xml:22:5-81
	android:name
		ADDED from src\main\AndroidManifest.xml:22:22-78
uses-permission#android.permission.CALL_PHONE
ADDED from src\main\AndroidManifest.xml:23:5-69
	android:name
		ADDED from src\main\AndroidManifest.xml:23:22-66
uses-permission#android.permission.READ_CALL_LOG
ADDED from src\main\AndroidManifest.xml:24:5-72
	android:name
		ADDED from src\main\AndroidManifest.xml:24:22-69
uses-permission#android.permission.WRITE_CALL_LOG
ADDED from src\main\AndroidManifest.xml:25:5-73
	android:name
		ADDED from src\main\AndroidManifest.xml:25:22-70
uses-permission#android.permission.PROCESS_OUTGOING_CALLS
ADDED from src\main\AndroidManifest.xml:26:5-81
	android:name
		ADDED from src\main\AndroidManifest.xml:26:22-78
uses-permission#android.permission.SYSTEM_ALERT_WINDOW
ADDED from src\main\AndroidManifest.xml:27:5-78
	android:name
		ADDED from src\main\AndroidManifest.xml:27:22-75
uses-permission#android.permission.READ_SMS
ADDED from src\main\AndroidManifest.xml:28:5-67
	android:name
		ADDED from src\main\AndroidManifest.xml:28:22-64
uses-permission#android.permission.KILL_BACKGROUND_PROCESSES
ADDED from src\main\AndroidManifest.xml:29:5-84
	android:name
		ADDED from src\main\AndroidManifest.xml:29:22-81
uses-permission#android.permission.CLEAR_APP_CACHE
ADDED from src\main\AndroidManifest.xml:30:5-74
	android:name
		ADDED from src\main\AndroidManifest.xml:30:22-71
uses-permission#android.permission.GET_TASKS
ADDED from src\main\AndroidManifest.xml:31:5-68
	android:name
		ADDED from src\main\AndroidManifest.xml:31:22-65
uses-permission#android.permission.ACCESS_NETWORK_STATE
ADDED from src\main\AndroidManifest.xml:34:5-79
	android:name
		ADDED from src\main\AndroidManifest.xml:34:22-76
uses-permission#android.permission.ACCESS_WIFI_STATE
ADDED from src\main\AndroidManifest.xml:35:5-76
	android:name
		ADDED from src\main\AndroidManifest.xml:35:22-73
uses-permission#com.android.launcher.permission.INSTALL_SHORTCUT
ADDED from src\main\AndroidManifest.xml:36:5-88
	android:name
		ADDED from src\main\AndroidManifest.xml:36:22-85
application
ADDED from src\main\AndroidManifest.xml:38:5-170:19
	android:label
		ADDED from src\main\AndroidManifest.xml:42:9-41
	android:allowBackup
		ADDED from src\main\AndroidManifest.xml:40:9-35
	android:icon
		ADDED from src\main\AndroidManifest.xml:41:9-45
	android:theme
		ADDED from src\main\AndroidManifest.xml:43:9-40
	android:name
		ADDED from src\main\AndroidManifest.xml:39:9-45
uses-library#android.test.runner
ADDED from src\main\AndroidManifest.xml:44:9-60
	android:name
		ADDED from src\main\AndroidManifest.xml:44:23-57
activity#com.itheima.mobilesafe.activities.SplashActivity
ADDED from src\main\AndroidManifest.xml:46:9-55:20
	android:label
		ADDED from src\main\AndroidManifest.xml:48:13-45
	android:theme
		ADDED from src\main\AndroidManifest.xml:49:13-77
	android:name
		ADDED from src\main\AndroidManifest.xml:47:13-76
intent-filter#android.intent.action.MAIN+android.intent.category.LAUNCHER
ADDED from src\main\AndroidManifest.xml:50:13-54:29
action#android.intent.action.MAIN
ADDED from src\main\AndroidManifest.xml:51:17-69
	android:name
		ADDED from src\main\AndroidManifest.xml:51:25-66
category#android.intent.category.LAUNCHER
ADDED from src\main\AndroidManifest.xml:53:17-77
	android:name
		ADDED from src\main\AndroidManifest.xml:53:27-74
activity#com.itheima.mobilesafe.activities.HomeActivity
ADDED from src\main\AndroidManifest.xml:56:9-57:20
	android:name
		ADDED from src\main\AndroidManifest.xml:56:19-80
activity#com.itheima.mobilesafe.activities.SettingActivity
ADDED from src\main\AndroidManifest.xml:58:9-59:20
	android:name
		ADDED from src\main\AndroidManifest.xml:58:19-83
activity#com.itheima.mobilesafe.activities.LostFindActivity
ADDED from src\main\AndroidManifest.xml:60:9-61:20
	android:name
		ADDED from src\main\AndroidManifest.xml:60:19-84
activity#com.itheima.mobilesafe.activities.Setup1Activity
ADDED from src\main\AndroidManifest.xml:62:9-63:20
	android:name
		ADDED from src\main\AndroidManifest.xml:62:19-82
activity#com.itheima.mobilesafe.activities.Setup2Activity
ADDED from src\main\AndroidManifest.xml:64:9-65:20
	android:name
		ADDED from src\main\AndroidManifest.xml:64:19-82
activity#com.itheima.mobilesafe.activities.Setup3Activity
ADDED from src\main\AndroidManifest.xml:66:9-67:20
	android:name
		ADDED from src\main\AndroidManifest.xml:66:19-82
activity#com.itheima.mobilesafe.activities.Setup4Activity
ADDED from src\main\AndroidManifest.xml:68:9-69:20
	android:name
		ADDED from src\main\AndroidManifest.xml:68:19-82
activity#com.itheima.mobilesafe.activities.SelectContactActivity
ADDED from src\main\AndroidManifest.xml:70:9-71:20
	android:name
		ADDED from src\main\AndroidManifest.xml:70:19-89
activity#com.itheima.mobilesafe.activities.CallSmsSafeActivity
ADDED from src\main\AndroidManifest.xml:72:9-73:20
	android:name
		ADDED from src\main\AndroidManifest.xml:72:19-87
activity#com.itheima.mobilesafe.activities.AddBlackNumberActivity
ADDED from src\main\AndroidManifest.xml:74:9-75:20
	android:name
		ADDED from src\main\AndroidManifest.xml:74:19-90
activity#com.itheima.mobilesafe.activities.CommonToolsActivity
ADDED from src\main\AndroidManifest.xml:76:9-77:20
	android:name
		ADDED from src\main\AndroidManifest.xml:76:19-87
activity#com.itheima.mobilesafe.activities.NumberQueryActivity
ADDED from src\main\AndroidManifest.xml:78:9-79:20
	android:name
		ADDED from src\main\AndroidManifest.xml:78:19-87
activity#com.itheima.mobilesafe.activities.AppManagerActivity
ADDED from src\main\AndroidManifest.xml:80:9-81:20
	android:name
		ADDED from src\main\AndroidManifest.xml:80:19-86
activity#com.itheima.mobilesafe.activities.ProcessManagerActivity
ADDED from src\main\AndroidManifest.xml:82:9-83:20
	android:name
		ADDED from src\main\AndroidManifest.xml:82:19-90
activity#com.itheima.mobilesafe.activities.TrafficManagerActivity
ADDED from src\main\AndroidManifest.xml:84:9-85:20
	android:name
		ADDED from src\main\AndroidManifest.xml:84:19-90
activity#com.itheima.mobilesafe.activities.AntiVirusActivity
ADDED from src\main\AndroidManifest.xml:86:9-89:20
	android:screenOrientation
		ADDED from src\main\AndroidManifest.xml:88:13-49
	android:name
		ADDED from src\main\AndroidManifest.xml:87:13-79
activity#com.itheima.mobilesafe.activities.SystemOptisActivity
ADDED from src\main\AndroidManifest.xml:90:9-91:20
	android:name
		ADDED from src\main\AndroidManifest.xml:90:19-87
activity#com.itheima.mobilesafe.activities.ApplockActivity
ADDED from src\main\AndroidManifest.xml:92:9-93:20
	android:name
		ADDED from src\main\AndroidManifest.xml:92:19-83
activity#com.itheima.mobilesafe.activities.EnterPasswordActivity
ADDED from src\main\AndroidManifest.xml:94:9-97:20
	android:launchMode
		ADDED from src\main\AndroidManifest.xml:96:13-48
	android:name
		ADDED from src\main\AndroidManifest.xml:95:13-83
service#com.itheima.mobilesafe.service.LocationService
ADDED from src\main\AndroidManifest.xml:99:9-100:19
	android:name
		ADDED from src\main\AndroidManifest.xml:99:18-79
service#com.itheima.mobilesafe.service.CallSmsSafeService
ADDED from src\main\AndroidManifest.xml:101:9-102:19
	android:name
		ADDED from src\main\AndroidManifest.xml:101:18-82
service#com.itheima.mobilesafe.service.ShowAddressService
ADDED from src\main\AndroidManifest.xml:103:9-104:19
	android:name
		ADDED from src\main\AndroidManifest.xml:103:18-82
service#com.itheima.mobilesafe.service.UpdateWidgetService
ADDED from src\main\AndroidManifest.xml:105:9-106:19
	android:name
		ADDED from src\main\AndroidManifest.xml:105:18-83
service#com.itheima.mobilesafe.service.UpdateVirusDBService
ADDED from src\main\AndroidManifest.xml:107:9-108:19
	android:name
		ADDED from src\main\AndroidManifest.xml:107:18-84
service#com.itheima.mobilesafe.service.WatchDogService
ADDED from src\main\AndroidManifest.xml:109:9-110:19
	android:name
		ADDED from src\main\AndroidManifest.xml:109:18-79
receiver#com.itheima.mobilesafe.ui.receiver.BootCompleteReceiver
ADDED from src\main\AndroidManifest.xml:113:9-117:20
	android:name
		ADDED from src\main\AndroidManifest.xml:113:19-89
intent-filter#android.intent.action.BOOT_COMPLETED
ADDED from src\main\AndroidManifest.xml:114:13-116:29
action#android.intent.action.BOOT_COMPLETED
ADDED from src\main\AndroidManifest.xml:115:17-79
	android:name
		ADDED from src\main\AndroidManifest.xml:115:25-76
receiver#com.itheima.mobilesafe.ui.receiver.SmsReceiver
ADDED from src\main\AndroidManifest.xml:119:9-123:20
	android:name
		ADDED from src\main\AndroidManifest.xml:119:19-80
intent-filter#android.provider.Telephony.SMS_RECEIVED
ADDED from src\main\AndroidManifest.xml:120:13-122:29
	android:priority
		ADDED from src\main\AndroidManifest.xml:120:28-51
action#android.provider.Telephony.SMS_RECEIVED
ADDED from src\main\AndroidManifest.xml:121:17-82
	android:name
		ADDED from src\main\AndroidManifest.xml:121:25-79
receiver#com.itheima.mobilesafe.ui.receiver.MyAdmin
ADDED from src\main\AndroidManifest.xml:125:9-137:20
	android:label
		ADDED from src\main\AndroidManifest.xml:128:13-56
	android:permission
		ADDED from src\main\AndroidManifest.xml:129:13-70
	android:description
		ADDED from src\main\AndroidManifest.xml:127:13-74
	android:name
		ADDED from src\main\AndroidManifest.xml:126:13-70
meta-data#android.app.device_admin
ADDED from src\main\AndroidManifest.xml:130:13-132:63
	android:resource
		ADDED from src\main\AndroidManifest.xml:132:17-60
	android:name
		ADDED from src\main\AndroidManifest.xml:131:17-56
intent-filter#android.app.action.DEVICE_ADMIN_ENABLED
ADDED from src\main\AndroidManifest.xml:134:13-136:29
action#android.app.action.DEVICE_ADMIN_ENABLED
ADDED from src\main\AndroidManifest.xml:135:17-82
	android:name
		ADDED from src\main\AndroidManifest.xml:135:25-79
receiver#com.itheima.mobilesafe.ui.receiver.MyWidget
ADDED from src\main\AndroidManifest.xml:138:9-146:20
	android:name
		ADDED from src\main\AndroidManifest.xml:138:19-77
intent-filter#android.appwidget.action.APPWIDGET_UPDATE
ADDED from src\main\AndroidManifest.xml:139:13-141:29
action#android.appwidget.action.APPWIDGET_UPDATE
ADDED from src\main\AndroidManifest.xml:140:17-84
	android:name
		ADDED from src\main\AndroidManifest.xml:140:25-81
meta-data#android.appwidget.provider
ADDED from src\main\AndroidManifest.xml:143:13-145:67
	android:resource
		ADDED from src\main\AndroidManifest.xml:145:17-64
	android:name
		ADDED from src\main\AndroidManifest.xml:144:17-58
receiver#com.itheima.mobilesafe.ui.receiver.KillAllReceiver
ADDED from src\main\AndroidManifest.xml:147:9-151:20
	android:name
		ADDED from src\main\AndroidManifest.xml:147:19-84
intent-filter#com.itheima.mobilesafe.killall
ADDED from src\main\AndroidManifest.xml:148:13-150:29
action#com.itheima.mobilesafe.killall
ADDED from src\main\AndroidManifest.xml:149:17-73
	android:name
		ADDED from src\main\AndroidManifest.xml:149:25-70
activity#net.youmi.android.AdBrowser
ADDED from src\main\AndroidManifest.xml:154:9-158:20
	android:configChanges
		ADDED from src\main\AndroidManifest.xml:156:13-83
	android:theme
		ADDED from src\main\AndroidManifest.xml:157:13-66
	android:name
		ADDED from src\main\AndroidManifest.xml:155:13-55
service#net.youmi.android.AdService
ADDED from src\main\AndroidManifest.xml:160:9-161:19
	android:name
		ADDED from src\main\AndroidManifest.xml:160:18-60
receiver#net.youmi.android.AdReceiver
ADDED from src\main\AndroidManifest.xml:163:9-169:20
	android:name
		ADDED from src\main\AndroidManifest.xml:163:19-62
intent-filter#android.intent.action.PACKAGE_ADDED
ADDED from src\main\AndroidManifest.xml:164:13-168:29
action#android.intent.action.PACKAGE_ADDED
ADDED from src\main\AndroidManifest.xml:165:17-78
	android:name
		ADDED from src\main\AndroidManifest.xml:165:25-75
data
ADDED from src\main\AndroidManifest.xml:167:17-50
	android:scheme
		ADDED from src\main\AndroidManifest.xml:167:23-47